2021-07-09 14:38:30,139 [INFO] Access to FlexNow done. Token created
2021-07-09 14:38:30,255 [INFO] Access to FlexNow done. Token created
2021-07-09 14:38:30,255 [INFO] Access to FlexNow done. Token created
2021-07-09 14:38:30,373 [INFO] Access to FlexNow done. Token created
2021-07-09 14:38:30,373 [INFO] Access to FlexNow done. Token created
2021-07-09 14:38:30,529 [INFO] Order ID: AIX4000-20210709 (Sell 3 OE U1 Index) has been transmitted to FLEX server.
2021-07-09 14:38:30,529 [INFO] Order ID: AIX4000-20210709 (Sell 3 OE U1 Index) has been transmitted to FLEX server.
2021-07-09 14:38:30,654 [INFO] Access to FlexNow done. Token created
2021-07-09 14:38:30,654 [INFO] Access to FlexNow done. Token created
2021-07-09 14:38:30,654 [INFO] Access to FlexNow done. Token created
2021-07-09 14:38:30,791 [INFO] Access to FlexNow done. Token created
2021-07-09 14:38:30,791 [INFO] Access to FlexNow done. Token created
2021-07-09 14:38:30,791 [INFO] Access to FlexNow done. Token created
2021-07-09 14:38:30,791 [INFO] Access to FlexNow done. Token created
2021-07-09 14:38:30,898 [INFO] Access to FlexNow done. Token created
2021-07-09 14:38:30,898 [INFO] Access to FlexNow done. Token created
2021-07-09 14:38:30,898 [INFO] Access to FlexNow done. Token created
2021-07-09 14:38:30,898 [INFO] Access to FlexNow done. Token created
2021-07-09 14:38:31,035 [INFO] Order ID: AIX9000-20210709 (Sell 4 ES U1 Index) has been transmitted to FLEX server.
2021-07-09 14:38:31,035 [INFO] Order ID: AIX9000-20210709 (Sell 4 ES U1 Index) has been transmitted to FLEX server.
2021-07-09 14:38:31,035 [INFO] Order ID: AIX9000-20210709 (Sell 4 ES U1 Index) has been transmitted to FLEX server.
2021-07-09 14:38:31,035 [INFO] Order ID: AIX9000-20210709 (Sell 4 ES U1 Index) has been transmitted to FLEX server.
2021-07-09 14:38:31,150 [INFO] Access to FlexNow done. Token created
2021-07-09 14:38:31,150 [INFO] Access to FlexNow done. Token created
2021-07-09 14:38:31,150 [INFO] Access to FlexNow done. Token created
2021-07-09 14:38:31,150 [INFO] Access to FlexNow done. Token created
2021-07-09 14:38:31,150 [INFO] Access to FlexNow done. Token created
2021-07-09 14:38:31,266 [INFO] Access to FlexNow done. Token created
2021-07-09 14:38:31,266 [INFO] Access to FlexNow done. Token created
2021-07-09 14:38:31,266 [INFO] Access to FlexNow done. Token created
2021-07-09 14:38:31,266 [INFO] Access to FlexNow done. Token created
2021-07-09 14:38:31,266 [INFO] Access to FlexNow done. Token created
2021-07-09 14:38:31,266 [INFO] Access to FlexNow done. Token created
2021-07-09 14:38:31,383 [INFO] Access to FlexNow done. Token created
2021-07-09 14:38:31,383 [INFO] Access to FlexNow done. Token created
2021-07-09 14:38:31,383 [INFO] Access to FlexNow done. Token created
2021-07-09 14:38:31,383 [INFO] Access to FlexNow done. Token created
2021-07-09 14:38:31,383 [INFO] Access to FlexNow done. Token created
2021-07-09 14:38:31,383 [INFO] Access to FlexNow done. Token created
2021-07-09 14:38:31,547 [INFO] Order ID: AIXE000-20210709 (Buy 5 UX N1 Index) has been transmitted to FLEX server.
2021-07-09 14:38:31,547 [INFO] Order ID: AIXE000-20210709 (Buy 5 UX N1 Index) has been transmitted to FLEX server.
2021-07-09 14:38:31,547 [INFO] Order ID: AIXE000-20210709 (Buy 5 UX N1 Index) has been transmitted to FLEX server.
2021-07-09 14:38:31,547 [INFO] Order ID: AIXE000-20210709 (Buy 5 UX N1 Index) has been transmitted to FLEX server.
2021-07-09 14:38:31,547 [INFO] Order ID: AIXE000-20210709 (Buy 5 UX N1 Index) has been transmitted to FLEX server.
2021-07-09 14:38:31,547 [INFO] Order ID: AIXE000-20210709 (Buy 5 UX N1 Index) has been transmitted to FLEX server.
2021-07-09 14:38:31,677 [INFO] Access to FlexNow done. Token created
2021-07-09 14:38:31,677 [INFO] Access to FlexNow done. Token created
2021-07-09 14:38:31,677 [INFO] Access to FlexNow done. Token created
2021-07-09 14:38:31,677 [INFO] Access to FlexNow done. Token created
2021-07-09 14:38:31,677 [INFO] Access to FlexNow done. Token created
2021-07-09 14:38:31,677 [INFO] Access to FlexNow done. Token created
2021-07-09 14:38:31,677 [INFO] Access to FlexNow done. Token created
2021-07-09 14:38:31,791 [INFO] Access to FlexNow done. Token created
2021-07-09 14:38:31,791 [INFO] Access to FlexNow done. Token created
2021-07-09 14:38:31,791 [INFO] Access to FlexNow done. Token created
2021-07-09 14:38:31,791 [INFO] Access to FlexNow done. Token created
2021-07-09 14:38:31,791 [INFO] Access to FlexNow done. Token created
2021-07-09 14:38:31,791 [INFO] Access to FlexNow done. Token created
2021-07-09 14:38:31,791 [INFO] Access to FlexNow done. Token created
2021-07-09 14:38:31,791 [INFO] Access to FlexNow done. Token created
2021-07-09 14:38:31,927 [INFO] Access to FlexNow done. Token created
2021-07-09 14:38:31,927 [INFO] Access to FlexNow done. Token created
2021-07-09 14:38:31,927 [INFO] Access to FlexNow done. Token created
2021-07-09 14:38:31,927 [INFO] Access to FlexNow done. Token created
2021-07-09 14:38:31,927 [INFO] Access to FlexNow done. Token created
2021-07-09 14:38:31,927 [INFO] Access to FlexNow done. Token created
2021-07-09 14:38:31,927 [INFO] Access to FlexNow done. Token created
2021-07-09 14:38:31,927 [INFO] Access to FlexNow done. Token created
2021-07-09 14:38:32,088 [INFO] Order ID: AIXK000-20210709 (Buy 2 RX U1 Index) has been transmitted to FLEX server.
2021-07-09 14:38:32,088 [INFO] Order ID: AIXK000-20210709 (Buy 2 RX U1 Index) has been transmitted to FLEX server.
2021-07-09 14:38:32,088 [INFO] Order ID: AIXK000-20210709 (Buy 2 RX U1 Index) has been transmitted to FLEX server.
2021-07-09 14:38:32,088 [INFO] Order ID: AIXK000-20210709 (Buy 2 RX U1 Index) has been transmitted to FLEX server.
2021-07-09 14:38:32,088 [INFO] Order ID: AIXK000-20210709 (Buy 2 RX U1 Index) has been transmitted to FLEX server.
2021-07-09 14:38:32,088 [INFO] Order ID: AIXK000-20210709 (Buy 2 RX U1 Index) has been transmitted to FLEX server.
2021-07-09 14:38:32,088 [INFO] Order ID: AIXK000-20210709 (Buy 2 RX U1 Index) has been transmitted to FLEX server.
2021-07-09 14:38:32,088 [INFO] Order ID: AIXK000-20210709 (Buy 2 RX U1 Index) has been transmitted to FLEX server.
